[09-Sep-2021 21:00:37] NOTICE: fpm is running, pid 38291
[09-Sep-2021 21:00:37] NOTICE: ready to handle connections
[22-Sep-2021 22:33:04] NOTICE: Terminating ...
[22-Sep-2021 22:33:04] NOTICE: exiting, bye-bye!
[24-Sep-2021 15:50:10] NOTICE: fpm is running, pid 84667
[24-Sep-2021 15:50:10] NOTICE: ready to handle connections
[01-Oct-2021 15:33:37] NOTICE: Terminating ...
[01-Oct-2021 15:33:37] NOTICE: Terminating ...
[01-Oct-2021 15:33:37] NOTICE: exiting, bye-bye!
[08-Oct-2021 14:40:08] NOTICE: fpm is running, pid 63950
[08-Oct-2021 14:40:08] NOTICE: ready to handle connections
[08-Oct-2021 14:46:00] NOTICE: Terminating ...
[08-Oct-2021 14:46:00] NOTICE: Terminating ...
[08-Oct-2021 14:46:00] NOTICE: exiting, bye-bye!
[08-Oct-2021 19:43:54] NOTICE: fpm is running, pid 65738
[08-Oct-2021 19:43:54] NOTICE: ready to handle connections
[08-Oct-2021 19:45:02] NOTICE: Terminating ...
[08-Oct-2021 19:45:02] NOTICE: Terminating ...
[08-Oct-2021 19:45:02] NOTICE: exiting, bye-bye!
[15-Dec-2021 16:51:41] NOTICE: fpm is running, pid 78333
[15-Dec-2021 16:51:41] NOTICE: ready to handle connections
[15-Dec-2021 21:06:41] NOTICE: Terminating ...
[15-Dec-2021 21:06:41] NOTICE: exiting, bye-bye!
[29-Apr-2022 10:42:22] NOTICE: fpm is running, pid 38647
[29-Apr-2022 10:42:22] NOTICE: ready to handle connections
[30-Apr-2022 17:51:29] NOTICE: Terminating ...
[30-Apr-2022 17:51:29] NOTICE: Terminating ...
[30-Apr-2022 17:51:29] NOTICE: exiting, bye-bye!
[07-Aug-2022 16:09:50] NOTICE: fpm is running, pid 74269
[07-Aug-2022 16:09:50] NOTICE: ready to handle connections
[10-Aug-2024 20:32:52] NOTICE: fpm is running, pid 49389
[10-Aug-2024 20:32:52] NOTICE: ready to handle connections
